<?xml version="1.0" encoding="UTF-8"?>
<testng-results ignored="0" total="1" passed="1" failed="0" skipped="0">
  <reporter-output>
  </reporter-output>
  <suite started-at="2023-10-30T18:17:53 IST" name="Suite" finished-at="2023-10-30T18:18:01 IST" duration-ms="8637">
    <groups>
    </groups>
    <test started-at="2023-10-30T18:17:53 IST" name="Test" finished-at="2023-10-30T18:18:01 IST" duration-ms="8637">
      <class name="Maven_Project.Project.App">
        <test-method is-config="true" signature="setup()[pri:0, instance:Maven_Project.Project.App@242b836]" started-at="2023-10-30T18:17:53 IST" name="setup" finished-at="2023-10-30T18:17:58 IST" duration-ms="5307" status="PASS">
          <reporter-output>
          </reporter-output>
        </test-method> <!-- setup -->
        <test-method signature="testDynamicTable()[pri:0, instance:Maven_Project.Project.App@242b836]" started-at="2023-10-30T18:17:58 IST" name="testDynamicTable" finished-at="2023-10-30T18:18:01 IST" duration-ms="3035" status="PASS">
          <reporter-output>
          </reporter-output>
        </test-method> <!-- testDynamicTable -->
        <test-method is-config="true" signature="tearDown()[pri:0, instance:Maven_Project.Project.App@242b836]" started-at="2023-10-30T18:18:01 IST" name="tearDown" finished-at="2023-10-30T18:18:01 IST" duration-ms="175" status="PASS">
          <reporter-output>
          </reporter-output>
        </test-method> <!-- tearDown -->
      </class> <!-- Maven_Project.Project.App -->
    </test> <!-- Test -->
  </suite> <!-- Suite -->
</testng-results>
